2024-10-19 15:20:55 - Starting ProjectManagement using Java 22.0.2 with PID 15272 (D:\Documents\IdeaProjects\Project_Management\build\classes\java\main started by honag in D:\Documents\IdeaProjects\Project_Management)
2024-10-19 15:20:55 - Running with Spring Boot v3.3.4, Spring v6.1.13
2024-10-19 15:20:55 - No active profile set, falling back to 1 default profile: "default"
2024-10-19 15:20:55 - Bootstrapping Spring Data JPA repositories in DEFAULT mode.
2024-10-19 15:20:56 - Finished Spring Data repository scanning in 73 ms. Found 12 JPA repository interfaces.
2024-10-19 15:20:56 - Tomcat initialized with port 8080 (http)
2024-10-19 15:20:56 - Initializing ProtocolHandler ["http-nio-8080"]
2024-10-19 15:20:56 - Starting service [Tomcat]
2024-10-19 15:20:56 - Starting Servlet engine: [Apache Tomcat/10.1.30]
2024-10-19 15:20:56 - Initializing Spring embedded WebApplicationContext
2024-10-19 15:20:56 - Root WebApplicationContext: initialization completed in 990 ms
2024-10-19 15:20:56 - HHH000204: Processing PersistenceUnitInfo [name: default]
2024-10-19 15:20:56 - HHH000412: Hibernate ORM core version 6.5.3.Final
2024-10-19 15:20:56 - HHH000026: Second-level cache disabled
2024-10-19 15:20:56 - No LoadTimeWeaver setup: ignoring JPA class transformer
2024-10-19 15:20:56 - HikariPool-1 - Starting...
2024-10-19 15:20:57 - HikariPool-1 - Added connection com.mysql.cj.jdbc.ConnectionImpl@2f0cab82
2024-10-19 15:20:57 - HikariPool-1 - Start completed.
2024-10-19 15:20:58 - HHH000489: No JTA platform available (set 'hibernate.transaction.jta.platform' to enable JTA platform integration)
2024-10-19 15:20:58 - Initialized JPA EntityManagerFactory for persistence unit 'default'
2024-10-19 15:20:58 - spring.jpa.open-in-view is enabled by default. Therefore, database queries may be performed during view rendering. Explicitly configure spring.jpa.open-in-view to disable this warning
2024-10-19 15:20:58 - Starting ProtocolHandler ["http-nio-8080"]
2024-10-19 15:20:58 - Tomcat started on port 8080 (http) with context path '/'
2024-10-19 15:20:59 - Started ProjectManagement in 3.989 seconds (process running for 4.713)
2024-10-19 15:22:15 - Initializing Spring DispatcherServlet 'dispatcherServlet'
2024-10-19 15:22:15 - Initializing Servlet 'dispatcherServlet'
2024-10-19 15:22:15 - Completed initialization in 0 ms
2024-10-19 15:26:24 - Closing JPA EntityManagerFactory for persistence unit 'default'
2024-10-19 15:26:24 - HikariPool-1 - Shutdown initiated...
2024-10-19 15:26:24 - HikariPool-1 - Shutdown completed.
2024-10-19 15:26:27 - Starting ProjectManagement using Java 22.0.2 with PID 19980 (D:\Documents\IdeaProjects\Project_Management\build\classes\java\main started by honag in D:\Documents\IdeaProjects\Project_Management)
2024-10-19 15:26:27 - Running with Spring Boot v3.3.4, Spring v6.1.13
2024-10-19 15:26:27 - No active profile set, falling back to 1 default profile: "default"
2024-10-19 15:26:28 - Bootstrapping Spring Data JPA repositories in DEFAULT mode.
2024-10-19 15:26:28 - Finished Spring Data repository scanning in 67 ms. Found 12 JPA repository interfaces.
2024-10-19 15:26:28 - Tomcat initialized with port 8080 (http)
2024-10-19 15:26:28 - Initializing ProtocolHandler ["http-nio-8080"]
2024-10-19 15:26:28 - Starting service [Tomcat]
2024-10-19 15:26:28 - Starting Servlet engine: [Apache Tomcat/10.1.30]
2024-10-19 15:26:28 - Initializing Spring embedded WebApplicationContext
2024-10-19 15:26:28 - Root WebApplicationContext: initialization completed in 891 ms
2024-10-19 15:26:28 - HHH000204: Processing PersistenceUnitInfo [name: default]
2024-10-19 15:26:28 - HHH000412: Hibernate ORM core version 6.5.3.Final
2024-10-19 15:26:28 - HHH000026: Second-level cache disabled
2024-10-19 15:26:29 - No LoadTimeWeaver setup: ignoring JPA class transformer
2024-10-19 15:26:29 - HikariPool-1 - Starting...
2024-10-19 15:26:29 - HikariPool-1 - Added connection com.mysql.cj.jdbc.ConnectionImpl@559e3f67
2024-10-19 15:26:29 - HikariPool-1 - Start completed.
2024-10-19 15:26:30 - HHH000489: No JTA platform available (set 'hibernate.transaction.jta.platform' to enable JTA platform integration)
2024-10-19 15:26:30 - Initialized JPA EntityManagerFactory for persistence unit 'default'
2024-10-19 15:26:30 - spring.jpa.open-in-view is enabled by default. Therefore, database queries may be performed during view rendering. Explicitly configure spring.jpa.open-in-view to disable this warning
2024-10-19 15:26:31 - Starting ProtocolHandler ["http-nio-8080"]
2024-10-19 15:26:31 - Tomcat started on port 8080 (http) with context path '/'
2024-10-19 15:26:31 - Started ProjectManagement in 3.616 seconds (process running for 4.134)
2024-10-19 15:30:59 - Initializing Spring DispatcherServlet 'dispatcherServlet'
2024-10-19 15:30:59 - Initializing Servlet 'dispatcherServlet'
2024-10-19 15:30:59 - Completed initialization in 2 ms
2024-10-19 15:30:59 - Directory already exists for project ID 1: D:\Documents\IdeaProjects\Project_Management\Folder_Storage\project\1
2024-10-19 15:30:59 - Deleted file: D:\Documents\IdeaProjects\Project_Management\Folder_Storage\project\1\461261829_872031054876840_1268621586409850800_n.jpg
2024-10-19 15:30:59 - Deleted file: D:\Documents\IdeaProjects\Project_Management\Folder_Storage\project\1\AddProjectRequest.json
2024-10-19 15:30:59 - Deleted file: D:\Documents\IdeaProjects\Project_Management\Folder_Storage\project\1\task_request.json
2024-10-19 15:30:59 - Added file D:\Documents\IdeaProjects\Project_Management\Folder_Storage\project\1\461261829_872031054876840_1268621586409850800_n.jpg to D:\Documents\IdeaProjects\Project_Management\Folder_Storage\project\1
2024-10-19 15:30:59 - Added file D:\Documents\IdeaProjects\Project_Management\Folder_Storage\project\1\BÁO-CÁO-THỰC-HÀNH-THIẾT-KẾ-VI-MẠCH.docx to D:\Documents\IdeaProjects\Project_Management\Folder_Storage\project\1
2024-10-19 15:30:59 - Added file D:\Documents\IdeaProjects\Project_Management\Folder_Storage\project\1\DE-CUONG-GPON-Thuc-tap.docx to D:\Documents\IdeaProjects\Project_Management\Folder_Storage\project\1
2024-10-19 15:30:59 - Member with username phucnh is added successfully
2024-10-19 15:30:59 - Member with username andrew is added successfully
2024-10-19 15:39:03 - Closing JPA EntityManagerFactory for persistence unit 'default'
2024-10-19 15:39:03 - HikariPool-1 - Shutdown initiated...
2024-10-19 15:39:03 - HikariPool-1 - Shutdown completed.
2024-10-19 15:39:05 - Starting ProjectManagement using Java 22.0.2 with PID 18596 (D:\Documents\IdeaProjects\Project_Management\build\classes\java\main started by honag in D:\Documents\IdeaProjects\Project_Management)
2024-10-19 15:39:05 - Running with Spring Boot v3.3.4, Spring v6.1.13
2024-10-19 15:39:05 - No active profile set, falling back to 1 default profile: "default"
2024-10-19 15:39:06 - Bootstrapping Spring Data JPA repositories in DEFAULT mode.
2024-10-19 15:39:06 - Finished Spring Data repository scanning in 65 ms. Found 12 JPA repository interfaces.
2024-10-19 15:39:06 - Tomcat initialized with port 8080 (http)
2024-10-19 15:39:06 - Initializing ProtocolHandler ["http-nio-8080"]
2024-10-19 15:39:06 - Starting service [Tomcat]
2024-10-19 15:39:06 - Starting Servlet engine: [Apache Tomcat/10.1.30]
2024-10-19 15:39:06 - Initializing Spring embedded WebApplicationContext
2024-10-19 15:39:06 - Root WebApplicationContext: initialization completed in 892 ms
2024-10-19 15:39:06 - HHH000204: Processing PersistenceUnitInfo [name: default]
2024-10-19 15:39:07 - HHH000412: Hibernate ORM core version 6.5.3.Final
2024-10-19 15:39:07 - HHH000026: Second-level cache disabled
2024-10-19 15:39:07 - No LoadTimeWeaver setup: ignoring JPA class transformer
2024-10-19 15:39:07 - HikariPool-1 - Starting...
2024-10-19 15:39:07 - HikariPool-1 - Added connection com.mysql.cj.jdbc.ConnectionImpl@bfd97fb
2024-10-19 15:39:07 - HikariPool-1 - Start completed.
2024-10-19 15:39:08 - HHH000489: No JTA platform available (set 'hibernate.transaction.jta.platform' to enable JTA platform integration)
2024-10-19 15:39:08 - Initialized JPA EntityManagerFactory for persistence unit 'default'
2024-10-19 15:39:08 - spring.jpa.open-in-view is enabled by default. Therefore, database queries may be performed during view rendering. Explicitly configure spring.jpa.open-in-view to disable this warning
2024-10-19 15:39:09 - Starting ProtocolHandler ["http-nio-8080"]
2024-10-19 15:39:09 - Tomcat started on port 8080 (http) with context path '/'
2024-10-19 15:39:09 - Started ProjectManagement in 3.678 seconds (process running for 4.092)
2024-10-19 15:39:27 - Initializing Spring DispatcherServlet 'dispatcherServlet'
2024-10-19 15:39:27 - Initializing Servlet 'dispatcherServlet'
2024-10-19 15:39:27 - Completed initialization in 4 ms
2024-10-19 15:39:27 - Servlet.service() for servlet [dispatcherServlet] in context with path [] threw exception
java.nio.file.AccessDeniedException: D:\Documents\IdeaProjects\Project_Management\Folder_Storage\project\1
	at java.base/sun.nio.fs.WindowsException.translateToIOException(WindowsException.java:89)
	at java.base/sun.nio.fs.WindowsException.rethrowAsIOException(WindowsException.java:103)
	at java.base/sun.nio.fs.WindowsException.rethrowAsIOException(WindowsException.java:108)
	at java.base/sun.nio.fs.WindowsFileSystemProvider.newByteChannel(WindowsFileSystemProvider.java:234)
	at java.base/java.nio.file.Files.newByteChannel(Files.java:379)
	at java.base/java.nio.file.Files.newByteChannel(Files.java:431)
	at java.base/java.nio.file.spi.FileSystemProvider.newInputStream(FileSystemProvider.java:420)
	at java.base/java.nio.file.Files.newInputStream(Files.java:159)
	at org.springframework.core.io.FileSystemResource.getInputStream(FileSystemResource.java:193)
	at org.springframework.http.converter.ResourceHttpMessageConverter.writeContent(ResourceHttpMessageConverter.java:157)
	at org.springframework.http.converter.ResourceHttpMessageConverter.writeInternal(ResourceHttpMessageConverter.java:115)
	at org.springframework.http.converter.ResourceHttpMessageConverter.writeInternal(ResourceHttpMessageConverter.java:46)
	at org.springframework.http.converter.AbstractHttpMessageConverter.write(AbstractHttpMessageConverter.java:235)
	at org.springframework.web.servlet.mvc.method.annotation.AbstractMessageConverterMethodProcessor.writeWithMessageConverters(AbstractMessageConverterMethodProcessor.java:300)
	at org.springframework.web.servlet.mvc.method.annotation.HttpEntityMethodProcessor.handleReturnValue(HttpEntityMethodProcessor.java:245)
	at org.springframework.web.method.support.HandlerMethodReturnValueHandlerComposite.handleReturnValue(HandlerMethodReturnValueHandlerComposite.java:78)
	at org.springframework.web.servlet.mvc.method.annotation.ServletInvocableHandlerMethod.invokeAndHandle(ServletInvocableHandlerMethod.java:136)
	at org.springframework.web.servlet.mvc.method.annotation.RequestMappingHandlerAdapter.invokeHandlerMethod(RequestMappingHandlerAdapter.java:926)
	at org.springframework.web.servlet.mvc.method.annotation.RequestMappingHandlerAdapter.handleInternal(RequestMappingHandlerAdapter.java:831)
	at org.springframework.web.servlet.mvc.method.AbstractHandlerMethodAdapter.handle(AbstractHandlerMethodAdapter.java:87)
	at org.springframework.web.servlet.DispatcherServlet.doDispatch(DispatcherServlet.java:1089)
	at org.springframework.web.servlet.DispatcherServlet.doService(DispatcherServlet.java:979)
	at org.springframework.web.servlet.FrameworkServlet.processRequest(FrameworkServlet.java:1014)
	at org.springframework.web.servlet.FrameworkServlet.doGet(FrameworkServlet.java:903)
	at jakarta.servlet.http.HttpServlet.service(HttpServlet.java:564)
	at org.springframework.web.servlet.FrameworkServlet.service(FrameworkServlet.java:885)
	at jakarta.servlet.http.HttpServlet.service(HttpServlet.java:658)
	at org.apache.catalina.core.ApplicationFilterChain.internalDoFilter(ApplicationFilterChain.java:195)
	at org.apache.catalina.core.ApplicationFilterChain.doFilter(ApplicationFilterChain.java:140)
	at org.apache.tomcat.websocket.server.WsFilter.doFilter(WsFilter.java:51)
	at org.apache.catalina.core.ApplicationFilterChain.internalDoFilter(ApplicationFilterChain.java:164)
	at org.apache.catalina.core.ApplicationFilterChain.doFilter(ApplicationFilterChain.java:140)
	at org.springframework.web.filter.RequestContextFilter.doFilterInternal(RequestContextFilter.java:100)
	at org.springframework.web.filter.OncePerRequestFilter.doFilter(OncePerRequestFilter.java:116)
	at org.apache.catalina.core.ApplicationFilterChain.internalDoFilter(ApplicationFilterChain.java:164)
	at org.apache.catalina.core.ApplicationFilterChain.doFilter(ApplicationFilterChain.java:140)
	at org.springframework.web.filter.FormContentFilter.doFilterInternal(FormContentFilter.java:93)
	at org.springframework.web.filter.OncePerRequestFilter.doFilter(OncePerRequestFilter.java:116)
	at org.apache.catalina.core.ApplicationFilterChain.internalDoFilter(ApplicationFilterChain.java:164)
	at org.apache.catalina.core.ApplicationFilterChain.doFilter(ApplicationFilterChain.java:140)
	at org.springframework.web.filter.CharacterEncodingFilter.doFilterInternal(CharacterEncodingFilter.java:201)
	at org.springframework.web.filter.OncePerRequestFilter.doFilter(OncePerRequestFilter.java:116)
	at org.apache.catalina.core.ApplicationFilterChain.internalDoFilter(ApplicationFilterChain.java:164)
	at org.apache.catalina.core.ApplicationFilterChain.doFilter(ApplicationFilterChain.java:140)
	at org.apache.catalina.core.StandardWrapperValve.invoke(StandardWrapperValve.java:167)
	at org.apache.catalina.core.StandardContextValve.invoke(StandardContextValve.java:90)
	at org.apache.catalina.authenticator.AuthenticatorBase.invoke(AuthenticatorBase.java:483)
	at org.apache.catalina.core.StandardHostValve.invoke(StandardHostValve.java:115)
	at org.apache.catalina.valves.ErrorReportValve.invoke(ErrorReportValve.java:93)
	at org.apache.catalina.core.StandardEngineValve.invoke(StandardEngineValve.java:74)
	at org.apache.catalina.connector.CoyoteAdapter.service(CoyoteAdapter.java:344)
	at org.apache.coyote.http11.Http11Processor.service(Http11Processor.java:384)
	at org.apache.coyote.AbstractProcessorLight.process(AbstractProcessorLight.java:63)
	at org.apache.coyote.AbstractProtocol$ConnectionHandler.process(AbstractProtocol.java:905)
	at org.apache.tomcat.util.net.NioEndpoint$SocketProcessor.doRun(NioEndpoint.java:1741)
	at org.apache.tomcat.util.net.SocketProcessorBase.run(SocketProcessorBase.java:52)
	at org.apache.tomcat.util.threads.ThreadPoolExecutor.runWorker(ThreadPoolExecutor.java:1190)
	at org.apache.tomcat.util.threads.ThreadPoolExecutor$Worker.run(ThreadPoolExecutor.java:659)
	at org.apache.tomcat.util.threads.TaskThread$WrappingRunnable.run(TaskThread.java:63)
	at java.base/java.lang.Thread.run(Thread.java:1570)
2024-10-19 15:40:37 - Closing JPA EntityManagerFactory for persistence unit 'default'
2024-10-19 15:40:37 - HikariPool-1 - Shutdown initiated...
2024-10-19 15:40:37 - HikariPool-1 - Shutdown completed.
2024-10-19 15:40:40 - Starting ProjectManagement using Java 22.0.2 with PID 13740 (D:\Documents\IdeaProjects\Project_Management\build\classes\java\main started by honag in D:\Documents\IdeaProjects\Project_Management)
2024-10-19 15:40:40 - Running with Spring Boot v3.3.4, Spring v6.1.13
2024-10-19 15:40:40 - No active profile set, falling back to 1 default profile: "default"
2024-10-19 15:40:40 - Bootstrapping Spring Data JPA repositories in DEFAULT mode.
2024-10-19 15:40:41 - Finished Spring Data repository scanning in 67 ms. Found 12 JPA repository interfaces.
2024-10-19 15:40:41 - Tomcat initialized with port 8080 (http)
2024-10-19 15:40:41 - Initializing ProtocolHandler ["http-nio-8080"]
2024-10-19 15:40:41 - Starting service [Tomcat]
2024-10-19 15:40:41 - Starting Servlet engine: [Apache Tomcat/10.1.30]
2024-10-19 15:40:41 - Initializing Spring embedded WebApplicationContext
2024-10-19 15:40:41 - Root WebApplicationContext: initialization completed in 920 ms
2024-10-19 15:40:41 - HHH000204: Processing PersistenceUnitInfo [name: default]
2024-10-19 15:40:41 - HHH000412: Hibernate ORM core version 6.5.3.Final
2024-10-19 15:40:41 - HHH000026: Second-level cache disabled
2024-10-19 15:40:41 - No LoadTimeWeaver setup: ignoring JPA class transformer
2024-10-19 15:40:41 - HikariPool-1 - Starting...
2024-10-19 15:40:42 - HikariPool-1 - Added connection com.mysql.cj.jdbc.ConnectionImpl@fbbd90c
2024-10-19 15:40:42 - HikariPool-1 - Start completed.
2024-10-19 15:40:43 - HHH000489: No JTA platform available (set 'hibernate.transaction.jta.platform' to enable JTA platform integration)
2024-10-19 15:40:43 - Initialized JPA EntityManagerFactory for persistence unit 'default'
2024-10-19 15:40:43 - spring.jpa.open-in-view is enabled by default. Therefore, database queries may be performed during view rendering. Explicitly configure spring.jpa.open-in-view to disable this warning
2024-10-19 15:40:43 - Starting ProtocolHandler ["http-nio-8080"]
2024-10-19 15:40:43 - Tomcat started on port 8080 (http) with context path '/'
2024-10-19 15:40:43 - Started ProjectManagement in 3.619 seconds (process running for 4.054)
2024-10-19 15:40:48 - Initializing Spring DispatcherServlet 'dispatcherServlet'
2024-10-19 15:40:48 - Initializing Servlet 'dispatcherServlet'
2024-10-19 15:40:48 - Completed initialization in 0 ms
2024-10-19 15:40:48 - Servlet.service() for servlet [dispatcherServlet] in context with path [] threw exception
java.nio.file.AccessDeniedException: D:\Documents\IdeaProjects\Project_Management\Folder_Storage\project\1
	at java.base/sun.nio.fs.WindowsException.translateToIOException(WindowsException.java:89)
	at java.base/sun.nio.fs.WindowsException.rethrowAsIOException(WindowsException.java:103)
	at java.base/sun.nio.fs.WindowsException.rethrowAsIOException(WindowsException.java:108)
	at java.base/sun.nio.fs.WindowsFileSystemProvider.newByteChannel(WindowsFileSystemProvider.java:234)
	at java.base/java.nio.file.Files.newByteChannel(Files.java:379)
	at java.base/java.nio.file.Files.newByteChannel(Files.java:431)
	at java.base/java.nio.file.spi.FileSystemProvider.newInputStream(FileSystemProvider.java:420)
	at java.base/java.nio.file.Files.newInputStream(Files.java:159)
	at org.springframework.core.io.FileSystemResource.getInputStream(FileSystemResource.java:193)
	at org.springframework.http.converter.ResourceHttpMessageConverter.writeContent(ResourceHttpMessageConverter.java:157)
	at org.springframework.http.converter.ResourceHttpMessageConverter.writeInternal(ResourceHttpMessageConverter.java:115)
	at org.springframework.http.converter.ResourceHttpMessageConverter.writeInternal(ResourceHttpMessageConverter.java:46)
	at org.springframework.http.converter.AbstractHttpMessageConverter.write(AbstractHttpMessageConverter.java:235)
	at org.springframework.web.servlet.mvc.method.annotation.AbstractMessageConverterMethodProcessor.writeWithMessageConverters(AbstractMessageConverterMethodProcessor.java:300)
	at org.springframework.web.servlet.mvc.method.annotation.HttpEntityMethodProcessor.handleReturnValue(HttpEntityMethodProcessor.java:245)
	at org.springframework.web.method.support.HandlerMethodReturnValueHandlerComposite.handleReturnValue(HandlerMethodReturnValueHandlerComposite.java:78)
	at org.springframework.web.servlet.mvc.method.annotation.ServletInvocableHandlerMethod.invokeAndHandle(ServletInvocableHandlerMethod.java:136)
	at org.springframework.web.servlet.mvc.method.annotation.RequestMappingHandlerAdapter.invokeHandlerMethod(RequestMappingHandlerAdapter.java:926)
	at org.springframework.web.servlet.mvc.method.annotation.RequestMappingHandlerAdapter.handleInternal(RequestMappingHandlerAdapter.java:831)
	at org.springframework.web.servlet.mvc.method.AbstractHandlerMethodAdapter.handle(AbstractHandlerMethodAdapter.java:87)
	at org.springframework.web.servlet.DispatcherServlet.doDispatch(DispatcherServlet.java:1089)
	at org.springframework.web.servlet.DispatcherServlet.doService(DispatcherServlet.java:979)
	at org.springframework.web.servlet.FrameworkServlet.processRequest(FrameworkServlet.java:1014)
	at org.springframework.web.servlet.FrameworkServlet.doGet(FrameworkServlet.java:903)
	at jakarta.servlet.http.HttpServlet.service(HttpServlet.java:564)
	at org.springframework.web.servlet.FrameworkServlet.service(FrameworkServlet.java:885)
	at jakarta.servlet.http.HttpServlet.service(HttpServlet.java:658)
	at org.apache.catalina.core.ApplicationFilterChain.internalDoFilter(ApplicationFilterChain.java:195)
	at org.apache.catalina.core.ApplicationFilterChain.doFilter(ApplicationFilterChain.java:140)
	at org.apache.tomcat.websocket.server.WsFilter.doFilter(WsFilter.java:51)
	at org.apache.catalina.core.ApplicationFilterChain.internalDoFilter(ApplicationFilterChain.java:164)
	at org.apache.catalina.core.ApplicationFilterChain.doFilter(ApplicationFilterChain.java:140)
	at org.springframework.web.filter.RequestContextFilter.doFilterInternal(RequestContextFilter.java:100)
	at org.springframework.web.filter.OncePerRequestFilter.doFilter(OncePerRequestFilter.java:116)
	at org.apache.catalina.core.ApplicationFilterChain.internalDoFilter(ApplicationFilterChain.java:164)
	at org.apache.catalina.core.ApplicationFilterChain.doFilter(ApplicationFilterChain.java:140)
	at org.springframework.web.filter.FormContentFilter.doFilterInternal(FormContentFilter.java:93)
	at org.springframework.web.filter.OncePerRequestFilter.doFilter(OncePerRequestFilter.java:116)
	at org.apache.catalina.core.ApplicationFilterChain.internalDoFilter(ApplicationFilterChain.java:164)
	at org.apache.catalina.core.ApplicationFilterChain.doFilter(ApplicationFilterChain.java:140)
	at org.springframework.web.filter.CharacterEncodingFilter.doFilterInternal(CharacterEncodingFilter.java:201)
	at org.springframework.web.filter.OncePerRequestFilter.doFilter(OncePerRequestFilter.java:116)
	at org.apache.catalina.core.ApplicationFilterChain.internalDoFilter(ApplicationFilterChain.java:164)
	at org.apache.catalina.core.ApplicationFilterChain.doFilter(ApplicationFilterChain.java:140)
	at org.apache.catalina.core.StandardWrapperValve.invoke(StandardWrapperValve.java:167)
	at org.apache.catalina.core.StandardContextValve.invoke(StandardContextValve.java:90)
	at org.apache.catalina.authenticator.AuthenticatorBase.invoke(AuthenticatorBase.java:483)
	at org.apache.catalina.core.StandardHostValve.invoke(StandardHostValve.java:115)
	at org.apache.catalina.valves.ErrorReportValve.invoke(ErrorReportValve.java:93)
	at org.apache.catalina.core.StandardEngineValve.invoke(StandardEngineValve.java:74)
	at org.apache.catalina.connector.CoyoteAdapter.service(CoyoteAdapter.java:344)
	at org.apache.coyote.http11.Http11Processor.service(Http11Processor.java:384)
	at org.apache.coyote.AbstractProcessorLight.process(AbstractProcessorLight.java:63)
	at org.apache.coyote.AbstractProtocol$ConnectionHandler.process(AbstractProtocol.java:905)
	at org.apache.tomcat.util.net.NioEndpoint$SocketProcessor.doRun(NioEndpoint.java:1741)
	at org.apache.tomcat.util.net.SocketProcessorBase.run(SocketProcessorBase.java:52)
	at org.apache.tomcat.util.threads.ThreadPoolExecutor.runWorker(ThreadPoolExecutor.java:1190)
	at org.apache.tomcat.util.threads.ThreadPoolExecutor$Worker.run(ThreadPoolExecutor.java:659)
	at org.apache.tomcat.util.threads.TaskThread$WrappingRunnable.run(TaskThread.java:63)
	at java.base/java.lang.Thread.run(Thread.java:1570)
2024-10-19 15:40:58 - Servlet.service() for servlet [dispatcherServlet] in context with path [] threw exception
java.nio.file.AccessDeniedException: D:\Documents\IdeaProjects\Project_Management\Folder_Storage\project\1
	at java.base/sun.nio.fs.WindowsException.translateToIOException(WindowsException.java:89)
	at java.base/sun.nio.fs.WindowsException.rethrowAsIOException(WindowsException.java:103)
	at java.base/sun.nio.fs.WindowsException.rethrowAsIOException(WindowsException.java:108)
	at java.base/sun.nio.fs.WindowsFileSystemProvider.newByteChannel(WindowsFileSystemProvider.java:234)
	at java.base/java.nio.file.Files.newByteChannel(Files.java:379)
	at java.base/java.nio.file.Files.newByteChannel(Files.java:431)
	at java.base/java.nio.file.spi.FileSystemProvider.newInputStream(FileSystemProvider.java:420)
	at java.base/java.nio.file.Files.newInputStream(Files.java:159)
	at org.springframework.core.io.FileSystemResource.getInputStream(FileSystemResource.java:193)
	at org.springframework.http.converter.ResourceHttpMessageConverter.writeContent(ResourceHttpMessageConverter.java:157)
	at org.springframework.http.converter.ResourceHttpMessageConverter.writeInternal(ResourceHttpMessageConverter.java:115)
	at org.springframework.http.converter.ResourceHttpMessageConverter.writeInternal(ResourceHttpMessageConverter.java:46)
	at org.springframework.http.converter.AbstractHttpMessageConverter.write(AbstractHttpMessageConverter.java:235)
	at org.springframework.web.servlet.mvc.method.annotation.AbstractMessageConverterMethodProcessor.writeWithMessageConverters(AbstractMessageConverterMethodProcessor.java:300)
	at org.springframework.web.servlet.mvc.method.annotation.HttpEntityMethodProcessor.handleReturnValue(HttpEntityMethodProcessor.java:245)
	at org.springframework.web.method.support.HandlerMethodReturnValueHandlerComposite.handleReturnValue(HandlerMethodReturnValueHandlerComposite.java:78)
	at org.springframework.web.servlet.mvc.method.annotation.ServletInvocableHandlerMethod.invokeAndHandle(ServletInvocableHandlerMethod.java:136)
	at org.springframework.web.servlet.mvc.method.annotation.RequestMappingHandlerAdapter.invokeHandlerMethod(RequestMappingHandlerAdapter.java:926)
	at org.springframework.web.servlet.mvc.method.annotation.RequestMappingHandlerAdapter.handleInternal(RequestMappingHandlerAdapter.java:831)
	at org.springframework.web.servlet.mvc.method.AbstractHandlerMethodAdapter.handle(AbstractHandlerMethodAdapter.java:87)
	at org.springframework.web.servlet.DispatcherServlet.doDispatch(DispatcherServlet.java:1089)
	at org.springframework.web.servlet.DispatcherServlet.doService(DispatcherServlet.java:979)
	at org.springframework.web.servlet.FrameworkServlet.processRequest(FrameworkServlet.java:1014)
	at org.springframework.web.servlet.FrameworkServlet.doGet(FrameworkServlet.java:903)
	at jakarta.servlet.http.HttpServlet.service(HttpServlet.java:564)
	at org.springframework.web.servlet.FrameworkServlet.service(FrameworkServlet.java:885)
	at jakarta.servlet.http.HttpServlet.service(HttpServlet.java:658)
	at org.apache.catalina.core.ApplicationFilterChain.internalDoFilter(ApplicationFilterChain.java:195)
	at org.apache.catalina.core.ApplicationFilterChain.doFilter(ApplicationFilterChain.java:140)
	at org.apache.tomcat.websocket.server.WsFilter.doFilter(WsFilter.java:51)
	at org.apache.catalina.core.ApplicationFilterChain.internalDoFilter(ApplicationFilterChain.java:164)
	at org.apache.catalina.core.ApplicationFilterChain.doFilter(ApplicationFilterChain.java:140)
	at org.springframework.web.filter.RequestContextFilter.doFilterInternal(RequestContextFilter.java:100)
	at org.springframework.web.filter.OncePerRequestFilter.doFilter(OncePerRequestFilter.java:116)
	at org.apache.catalina.core.ApplicationFilterChain.internalDoFilter(ApplicationFilterChain.java:164)
	at org.apache.catalina.core.ApplicationFilterChain.doFilter(ApplicationFilterChain.java:140)
	at org.springframework.web.filter.FormContentFilter.doFilterInternal(FormContentFilter.java:93)
	at org.springframework.web.filter.OncePerRequestFilter.doFilter(OncePerRequestFilter.java:116)
	at org.apache.catalina.core.ApplicationFilterChain.internalDoFilter(ApplicationFilterChain.java:164)
	at org.apache.catalina.core.ApplicationFilterChain.doFilter(ApplicationFilterChain.java:140)
	at org.springframework.web.filter.CharacterEncodingFilter.doFilterInternal(CharacterEncodingFilter.java:201)
	at org.springframework.web.filter.OncePerRequestFilter.doFilter(OncePerRequestFilter.java:116)
	at org.apache.catalina.core.ApplicationFilterChain.internalDoFilter(ApplicationFilterChain.java:164)
	at org.apache.catalina.core.ApplicationFilterChain.doFilter(ApplicationFilterChain.java:140)
	at org.apache.catalina.core.StandardWrapperValve.invoke(StandardWrapperValve.java:167)
	at org.apache.catalina.core.StandardContextValve.invoke(StandardContextValve.java:90)
	at org.apache.catalina.authenticator.AuthenticatorBase.invoke(AuthenticatorBase.java:483)
	at org.apache.catalina.core.StandardHostValve.invoke(StandardHostValve.java:115)
	at org.apache.catalina.valves.ErrorReportValve.invoke(ErrorReportValve.java:93)
	at org.apache.catalina.core.StandardEngineValve.invoke(StandardEngineValve.java:74)
	at org.apache.catalina.connector.CoyoteAdapter.service(CoyoteAdapter.java:344)
	at org.apache.coyote.http11.Http11Processor.service(Http11Processor.java:384)
	at org.apache.coyote.AbstractProcessorLight.process(AbstractProcessorLight.java:63)
	at org.apache.coyote.AbstractProtocol$ConnectionHandler.process(AbstractProtocol.java:905)
	at org.apache.tomcat.util.net.NioEndpoint$SocketProcessor.doRun(NioEndpoint.java:1741)
	at org.apache.tomcat.util.net.SocketProcessorBase.run(SocketProcessorBase.java:52)
	at org.apache.tomcat.util.threads.ThreadPoolExecutor.runWorker(ThreadPoolExecutor.java:1190)
	at org.apache.tomcat.util.threads.ThreadPoolExecutor$Worker.run(ThreadPoolExecutor.java:659)
	at org.apache.tomcat.util.threads.TaskThread$WrappingRunnable.run(TaskThread.java:63)
	at java.base/java.lang.Thread.run(Thread.java:1570)
2024-10-19 15:45:09 - Closing JPA EntityManagerFactory for persistence unit 'default'
2024-10-19 15:45:09 - HikariPool-1 - Shutdown initiated...
2024-10-19 15:45:09 - HikariPool-1 - Shutdown completed.
2024-10-19 15:45:12 - Starting ProjectManagement using Java 22.0.2 with PID 12300 (D:\Documents\IdeaProjects\Project_Management\build\classes\java\main started by honag in D:\Documents\IdeaProjects\Project_Management)
2024-10-19 15:45:12 - Running with Spring Boot v3.3.4, Spring v6.1.13
2024-10-19 15:45:12 - No active profile set, falling back to 1 default profile: "default"
2024-10-19 15:45:12 - Bootstrapping Spring Data JPA repositories in DEFAULT mode.
2024-10-19 15:45:12 - Finished Spring Data repository scanning in 64 ms. Found 12 JPA repository interfaces.
2024-10-19 15:45:12 - Tomcat initialized with port 8080 (http)
2024-10-19 15:45:12 - Initializing ProtocolHandler ["http-nio-8080"]
2024-10-19 15:45:12 - Starting service [Tomcat]
2024-10-19 15:45:12 - Starting Servlet engine: [Apache Tomcat/10.1.30]
2024-10-19 15:45:13 - Initializing Spring embedded WebApplicationContext
2024-10-19 15:45:13 - Root WebApplicationContext: initialization completed in 889 ms
2024-10-19 15:45:13 - HHH000204: Processing PersistenceUnitInfo [name: default]
2024-10-19 15:45:13 - HHH000412: Hibernate ORM core version 6.5.3.Final
2024-10-19 15:45:13 - HHH000026: Second-level cache disabled
2024-10-19 15:45:13 - No LoadTimeWeaver setup: ignoring JPA class transformer
2024-10-19 15:45:13 - HikariPool-1 - Starting...
2024-10-19 15:45:13 - HikariPool-1 - Added connection com.mysql.cj.jdbc.ConnectionImpl@559e3f67
2024-10-19 15:45:13 - HikariPool-1 - Start completed.
2024-10-19 15:45:14 - HHH000489: No JTA platform available (set 'hibernate.transaction.jta.platform' to enable JTA platform integration)
2024-10-19 15:45:14 - Initialized JPA EntityManagerFactory for persistence unit 'default'
2024-10-19 15:45:15 - spring.jpa.open-in-view is enabled by default. Therefore, database queries may be performed during view rendering. Explicitly configure spring.jpa.open-in-view to disable this warning
2024-10-19 15:45:15 - Starting ProtocolHandler ["http-nio-8080"]
2024-10-19 15:45:15 - Tomcat started on port 8080 (http) with context path '/'
2024-10-19 15:45:15 - Started ProjectManagement in 3.549 seconds (process running for 3.983)
2024-10-19 15:45:19 - Initializing Spring DispatcherServlet 'dispatcherServlet'
2024-10-19 15:45:19 - Initializing Servlet 'dispatcherServlet'
2024-10-19 15:45:19 - Completed initialization in 1 ms
2024-10-19 15:45:19 - java.io.FileNotFoundException: D:\Documents\IdeaProjects\Project_Management\Folder_Storage\project\1 (Access is denied)
2024-10-19 15:49:33 - Closing JPA EntityManagerFactory for persistence unit 'default'
2024-10-19 15:49:33 - HikariPool-1 - Shutdown initiated...
2024-10-19 15:49:33 - HikariPool-1 - Shutdown completed.
2024-10-19 15:49:35 - Starting ProjectManagement using Java 22.0.2 with PID 15068 (D:\Documents\IdeaProjects\Project_Management\build\classes\java\main started by honag in D:\Documents\IdeaProjects\Project_Management)
2024-10-19 15:49:35 - Running with Spring Boot v3.3.4, Spring v6.1.13
2024-10-19 15:49:35 - No active profile set, falling back to 1 default profile: "default"
2024-10-19 15:49:36 - Bootstrapping Spring Data JPA repositories in DEFAULT mode.
2024-10-19 15:49:36 - Finished Spring Data repository scanning in 65 ms. Found 12 JPA repository interfaces.
2024-10-19 15:49:36 - Tomcat initialized with port 8080 (http)
2024-10-19 15:49:36 - Initializing ProtocolHandler ["http-nio-8080"]
2024-10-19 15:49:36 - Starting service [Tomcat]
2024-10-19 15:49:36 - Starting Servlet engine: [Apache Tomcat/10.1.30]
2024-10-19 15:49:36 - Initializing Spring embedded WebApplicationContext
2024-10-19 15:49:36 - Root WebApplicationContext: initialization completed in 876 ms
2024-10-19 15:49:36 - HHH000204: Processing PersistenceUnitInfo [name: default]
2024-10-19 15:49:37 - HHH000412: Hibernate ORM core version 6.5.3.Final
2024-10-19 15:49:37 - HHH000026: Second-level cache disabled
2024-10-19 15:49:37 - No LoadTimeWeaver setup: ignoring JPA class transformer
2024-10-19 15:49:37 - HikariPool-1 - Starting...
2024-10-19 15:49:37 - HikariPool-1 - Added connection com.mysql.cj.jdbc.ConnectionImpl@bfd97fb
2024-10-19 15:49:37 - HikariPool-1 - Start completed.
2024-10-19 15:49:38 - HHH000489: No JTA platform available (set 'hibernate.transaction.jta.platform' to enable JTA platform integration)
2024-10-19 15:49:38 - Initialized JPA EntityManagerFactory for persistence unit 'default'
2024-10-19 15:49:38 - spring.jpa.open-in-view is enabled by default. Therefore, database queries may be performed during view rendering. Explicitly configure spring.jpa.open-in-view to disable this warning
2024-10-19 15:49:39 - Starting ProtocolHandler ["http-nio-8080"]
2024-10-19 15:49:39 - Tomcat started on port 8080 (http) with context path '/'
2024-10-19 15:49:39 - Started ProjectManagement in 3.504 seconds (process running for 3.916)
2024-10-19 15:49:42 - Initializing Spring DispatcherServlet 'dispatcherServlet'
2024-10-19 15:49:42 - Initializing Servlet 'dispatcherServlet'
2024-10-19 15:49:42 - Completed initialization in 2 ms
2024-10-19 15:54:23 - Closing JPA EntityManagerFactory for persistence unit 'default'
2024-10-19 15:54:23 - HikariPool-1 - Shutdown initiated...
2024-10-19 15:54:24 - HikariPool-1 - Shutdown completed.
2024-10-19 15:54:26 - Starting ProjectManagement using Java 22.0.2 with PID 11624 (D:\Documents\IdeaProjects\Project_Management\build\classes\java\main started by honag in D:\Documents\IdeaProjects\Project_Management)
2024-10-19 15:54:26 - Running with Spring Boot v3.3.4, Spring v6.1.13
2024-10-19 15:54:26 - No active profile set, falling back to 1 default profile: "default"
2024-10-19 15:54:27 - Bootstrapping Spring Data JPA repositories in DEFAULT mode.
2024-10-19 15:54:27 - Finished Spring Data repository scanning in 65 ms. Found 12 JPA repository interfaces.
2024-10-19 15:54:27 - Tomcat initialized with port 8080 (http)
2024-10-19 15:54:27 - Initializing ProtocolHandler ["http-nio-8080"]
2024-10-19 15:54:27 - Starting service [Tomcat]
2024-10-19 15:54:27 - Starting Servlet engine: [Apache Tomcat/10.1.30]
2024-10-19 15:54:27 - Initializing Spring embedded WebApplicationContext
2024-10-19 15:54:27 - Root WebApplicationContext: initialization completed in 901 ms
2024-10-19 15:54:27 - HHH000204: Processing PersistenceUnitInfo [name: default]
2024-10-19 15:54:27 - HHH000412: Hibernate ORM core version 6.5.3.Final
2024-10-19 15:54:27 - HHH000026: Second-level cache disabled
2024-10-19 15:54:27 - No LoadTimeWeaver setup: ignoring JPA class transformer
2024-10-19 15:54:28 - HikariPool-1 - Starting...
2024-10-19 15:54:28 - HikariPool-1 - Added connection com.mysql.cj.jdbc.ConnectionImpl@73be4cdd
2024-10-19 15:54:28 - HikariPool-1 - Start completed.
2024-10-19 15:54:29 - HHH000489: No JTA platform available (set 'hibernate.transaction.jta.platform' to enable JTA platform integration)
2024-10-19 15:54:29 - Initialized JPA EntityManagerFactory for persistence unit 'default'
2024-10-19 15:54:29 - spring.jpa.open-in-view is enabled by default. Therefore, database queries may be performed during view rendering. Explicitly configure spring.jpa.open-in-view to disable this warning
2024-10-19 15:54:29 - Starting ProtocolHandler ["http-nio-8080"]
2024-10-19 15:54:29 - Tomcat started on port 8080 (http) with context path '/'
2024-10-19 15:54:29 - Started ProjectManagement in 3.554 seconds (process running for 3.976)
2024-10-19 15:54:32 - Initializing Spring DispatcherServlet 'dispatcherServlet'
2024-10-19 15:54:32 - Initializing Servlet 'dispatcherServlet'
2024-10-19 15:54:32 - Completed initialization in 1 ms
2024-10-19 15:54:33 - java.nio.file.AccessDeniedException: D:\Documents\IdeaProjects\Project_Management\Folder_Storage\project\1
2024-10-19 15:56:40 - Closing JPA EntityManagerFactory for persistence unit 'default'
2024-10-19 15:56:40 - HikariPool-1 - Shutdown initiated...
2024-10-19 15:56:40 - HikariPool-1 - Shutdown completed.
2024-10-19 15:56:42 - Starting ProjectManagement using Java 22.0.2 with PID 13876 (D:\Documents\IdeaProjects\Project_Management\build\classes\java\main started by honag in D:\Documents\IdeaProjects\Project_Management)
2024-10-19 15:56:42 - Running with Spring Boot v3.3.4, Spring v6.1.13
2024-10-19 15:56:42 - No active profile set, falling back to 1 default profile: "default"
2024-10-19 15:56:43 - Bootstrapping Spring Data JPA repositories in DEFAULT mode.
2024-10-19 15:56:43 - Finished Spring Data repository scanning in 66 ms. Found 12 JPA repository interfaces.
2024-10-19 15:56:43 - Tomcat initialized with port 8080 (http)
2024-10-19 15:56:43 - Initializing ProtocolHandler ["http-nio-8080"]
2024-10-19 15:56:43 - Starting service [Tomcat]
2024-10-19 15:56:43 - Starting Servlet engine: [Apache Tomcat/10.1.30]
2024-10-19 15:56:43 - Initializing Spring embedded WebApplicationContext
2024-10-19 15:56:43 - Root WebApplicationContext: initialization completed in 892 ms
2024-10-19 15:56:43 - HHH000204: Processing PersistenceUnitInfo [name: default]
2024-10-19 15:56:43 - HHH000412: Hibernate ORM core version 6.5.3.Final
2024-10-19 15:56:43 - HHH000026: Second-level cache disabled
2024-10-19 15:56:44 - No LoadTimeWeaver setup: ignoring JPA class transformer
2024-10-19 15:56:44 - HikariPool-1 - Starting...
2024-10-19 15:56:44 - HikariPool-1 - Added connection com.mysql.cj.jdbc.ConnectionImpl@6d7865d6
2024-10-19 15:56:44 - HikariPool-1 - Start completed.
2024-10-19 15:56:45 - HHH000489: No JTA platform available (set 'hibernate.transaction.jta.platform' to enable JTA platform integration)
2024-10-19 15:56:45 - Initialized JPA EntityManagerFactory for persistence unit 'default'
2024-10-19 15:56:45 - spring.jpa.open-in-view is enabled by default. Therefore, database queries may be performed during view rendering. Explicitly configure spring.jpa.open-in-view to disable this warning
2024-10-19 15:56:45 - Starting ProtocolHandler ["http-nio-8080"]
2024-10-19 15:56:45 - Tomcat started on port 8080 (http) with context path '/'
2024-10-19 15:56:45 - Started ProjectManagement in 3.529 seconds (process running for 3.941)
2024-10-19 15:56:50 - Initializing Spring DispatcherServlet 'dispatcherServlet'
2024-10-19 15:56:50 - Initializing Servlet 'dispatcherServlet'
2024-10-19 15:56:50 - Completed initialization in 1 ms
2024-10-19 15:56:50 - java.nio.file.AccessDeniedException: D:\Documents\IdeaProjects\Project_Management\Folder_Storage\project\1
2024-10-19 15:59:57 - Closing JPA EntityManagerFactory for persistence unit 'default'
2024-10-19 15:59:57 - HikariPool-1 - Shutdown initiated...
2024-10-19 15:59:57 - HikariPool-1 - Shutdown completed.
2024-10-19 16:00:41 - Starting ProjectManagement using Java 22.0.2 with PID 18676 (D:\Documents\IdeaProjects\Project_Management\build\classes\java\main started by honag in D:\Documents\IdeaProjects\Project_Management)
2024-10-19 16:00:41 - Running with Spring Boot v3.3.4, Spring v6.1.13
2024-10-19 16:00:41 - No active profile set, falling back to 1 default profile: "default"
2024-10-19 16:00:41 - Bootstrapping Spring Data JPA repositories in DEFAULT mode.
2024-10-19 16:00:41 - Finished Spring Data repository scanning in 80 ms. Found 12 JPA repository interfaces.
2024-10-19 16:00:42 - Tomcat initialized with port 8080 (http)
2024-10-19 16:00:42 - Initializing ProtocolHandler ["http-nio-8080"]
2024-10-19 16:00:42 - Starting service [Tomcat]
2024-10-19 16:00:42 - Starting Servlet engine: [Apache Tomcat/10.1.30]
2024-10-19 16:00:42 - Initializing Spring embedded WebApplicationContext
2024-10-19 16:00:42 - Root WebApplicationContext: initialization completed in 997 ms
2024-10-19 16:00:42 - HHH000204: Processing PersistenceUnitInfo [name: default]
2024-10-19 16:00:42 - HHH000412: Hibernate ORM core version 6.5.3.Final
2024-10-19 16:00:42 - HHH000026: Second-level cache disabled
2024-10-19 16:00:42 - No LoadTimeWeaver setup: ignoring JPA class transformer
2024-10-19 16:00:42 - HikariPool-1 - Starting...
2024-10-19 16:00:43 - HikariPool-1 - Added connection com.mysql.cj.jdbc.ConnectionImpl@588d630d
2024-10-19 16:00:43 - HikariPool-1 - Start completed.
2024-10-19 16:00:43 - HHH000489: No JTA platform available (set 'hibernate.transaction.jta.platform' to enable JTA platform integration)
2024-10-19 16:00:44 - Initialized JPA EntityManagerFactory for persistence unit 'default'
2024-10-19 16:00:44 - spring.jpa.open-in-view is enabled by default. Therefore, database queries may be performed during view rendering. Explicitly configure spring.jpa.open-in-view to disable this warning
2024-10-19 16:00:44 - Starting ProtocolHandler ["http-nio-8080"]
2024-10-19 16:00:44 - Tomcat started on port 8080 (http) with context path '/'
2024-10-19 16:00:44 - Started ProjectManagement in 3.953 seconds (process running for 4.427)
2024-10-19 16:00:50 - Initializing Spring DispatcherServlet 'dispatcherServlet'
2024-10-19 16:00:50 - Initializing Servlet 'dispatcherServlet'
2024-10-19 16:00:50 - Completed initialization in 16 ms
2024-10-19 16:00:50 - java.nio.file.AccessDeniedException: D:\Documents\IdeaProjects\Project_Management\Folder_Storage\project\1
2024-10-19 16:02:34 - Closing JPA EntityManagerFactory for persistence unit 'default'
2024-10-19 16:02:34 - HikariPool-1 - Shutdown initiated...
2024-10-19 16:02:34 - HikariPool-1 - Shutdown completed.
2024-10-19 16:03:07 - Starting ProjectManagement using Java 22.0.2 with PID 17124 (D:\Documents\IdeaProjects\Project_Management\build\classes\java\main started by honag in D:\Documents\IdeaProjects\Project_Management)
2024-10-19 16:03:07 - Running with Spring Boot v3.3.4, Spring v6.1.13
2024-10-19 16:03:07 - No active profile set, falling back to 1 default profile: "default"
2024-10-19 16:03:07 - Bootstrapping Spring Data JPA repositories in DEFAULT mode.
2024-10-19 16:03:07 - Finished Spring Data repository scanning in 62 ms. Found 12 JPA repository interfaces.
2024-10-19 16:03:08 - Tomcat initialized with port 8080 (http)
2024-10-19 16:03:08 - Initializing ProtocolHandler ["http-nio-8080"]
2024-10-19 16:03:08 - Starting service [Tomcat]
2024-10-19 16:03:08 - Starting Servlet engine: [Apache Tomcat/10.1.30]
2024-10-19 16:03:08 - Initializing Spring embedded WebApplicationContext
2024-10-19 16:03:08 - Root WebApplicationContext: initialization completed in 892 ms
2024-10-19 16:03:08 - HHH000204: Processing PersistenceUnitInfo [name: default]
2024-10-19 16:03:08 - HHH000412: Hibernate ORM core version 6.5.3.Final
2024-10-19 16:03:08 - HHH000026: Second-level cache disabled
2024-10-19 16:03:08 - No LoadTimeWeaver setup: ignoring JPA class transformer
2024-10-19 16:03:08 - HikariPool-1 - Starting...
2024-10-19 16:03:08 - HikariPool-1 - Added connection com.mysql.cj.jdbc.ConnectionImpl@4ac19bc6
2024-10-19 16:03:08 - HikariPool-1 - Start completed.
2024-10-19 16:03:09 - HHH000489: No JTA platform available (set 'hibernate.transaction.jta.platform' to enable JTA platform integration)
2024-10-19 16:03:09 - Initialized JPA EntityManagerFactory for persistence unit 'default'
2024-10-19 16:03:10 - spring.jpa.open-in-view is enabled by default. Therefore, database queries may be performed during view rendering. Explicitly configure spring.jpa.open-in-view to disable this warning
2024-10-19 16:03:10 - Starting ProtocolHandler ["http-nio-8080"]
2024-10-19 16:03:10 - Tomcat started on port 8080 (http) with context path '/'
2024-10-19 16:03:10 - Started ProjectManagement in 3.577 seconds (process running for 3.997)
2024-10-19 16:03:14 - Initializing Spring DispatcherServlet 'dispatcherServlet'
2024-10-19 16:03:14 - Initializing Servlet 'dispatcherServlet'
2024-10-19 16:03:14 - Completed initialization in 1 ms
2024-10-19 16:03:15 - java.nio.file.NoSuchFileException: D:\Documents\IdeaProjects\Project_Management\Folder_Storage\project\1
2024-10-19 16:04:28 - Closing JPA EntityManagerFactory for persistence unit 'default'
2024-10-19 16:04:28 - HikariPool-1 - Shutdown initiated...
2024-10-19 16:04:28 - HikariPool-1 - Shutdown completed.
2024-10-19 16:04:31 - Starting ProjectManagement using Java 22.0.2 with PID 11128 (D:\Documents\IdeaProjects\Project_Management\build\classes\java\main started by honag in D:\Documents\IdeaProjects\Project_Management)
2024-10-19 16:04:31 - Running with Spring Boot v3.3.4, Spring v6.1.13
2024-10-19 16:04:31 - No active profile set, falling back to 1 default profile: "default"
2024-10-19 16:04:31 - Bootstrapping Spring Data JPA repositories in DEFAULT mode.
2024-10-19 16:04:31 - Finished Spring Data repository scanning in 63 ms. Found 12 JPA repository interfaces.
2024-10-19 16:04:32 - Tomcat initialized with port 8080 (http)
2024-10-19 16:04:32 - Initializing ProtocolHandler ["http-nio-8080"]
2024-10-19 16:04:32 - Starting service [Tomcat]
2024-10-19 16:04:32 - Starting Servlet engine: [Apache Tomcat/10.1.30]
2024-10-19 16:04:32 - Initializing Spring embedded WebApplicationContext
2024-10-19 16:04:32 - Root WebApplicationContext: initialization completed in 874 ms
2024-10-19 16:04:32 - HHH000204: Processing PersistenceUnitInfo [name: default]
2024-10-19 16:04:32 - HHH000412: Hibernate ORM core version 6.5.3.Final
2024-10-19 16:04:32 - HHH000026: Second-level cache disabled
2024-10-19 16:04:32 - No LoadTimeWeaver setup: ignoring JPA class transformer
2024-10-19 16:04:32 - HikariPool-1 - Starting...
2024-10-19 16:04:32 - HikariPool-1 - Added connection com.mysql.cj.jdbc.ConnectionImpl@21c34bf8
2024-10-19 16:04:32 - HikariPool-1 - Start completed.
2024-10-19 16:04:33 - HHH000489: No JTA platform available (set 'hibernate.transaction.jta.platform' to enable JTA platform integration)
2024-10-19 16:04:33 - Initialized JPA EntityManagerFactory for persistence unit 'default'
2024-10-19 16:04:34 - spring.jpa.open-in-view is enabled by default. Therefore, database queries may be performed during view rendering. Explicitly configure spring.jpa.open-in-view to disable this warning
2024-10-19 16:04:34 - Starting ProtocolHandler ["http-nio-8080"]
2024-10-19 16:04:34 - Tomcat started on port 8080 (http) with context path '/'
2024-10-19 16:04:34 - Started ProjectManagement in 3.532 seconds (process running for 3.961)
2024-10-19 16:04:39 - Initializing Spring DispatcherServlet 'dispatcherServlet'
2024-10-19 16:04:39 - Initializing Servlet 'dispatcherServlet'
2024-10-19 16:04:39 - Completed initialization in 2 ms
2024-10-19 16:04:40 - java.nio.file.NoSuchFileException: D:\Documents\IdeaProjects\Project_Management\Folder_Storage\project\1
2024-10-19 16:06:27 - Directory already exists for project ID 1: D:\Documents\Folder_Storage\project\1
2024-10-19 16:06:27 - Deleted file: D:\Documents\Folder_Storage\project\1\461261829_872031054876840_1268621586409850800_n.jpg
2024-10-19 16:06:27 - Deleted file: D:\Documents\Folder_Storage\project\1\BÁO-CÁO-THỰC-HÀNH-THIẾT-KẾ-VI-MẠCH.docx
2024-10-19 16:06:27 - Deleted file: D:\Documents\Folder_Storage\project\1\DE-CUONG-GPON-Thuc-tap.docx
2024-10-19 16:06:27 - Added file D:\Documents\Folder_Storage\project\1\461261829_872031054876840_1268621586409850800_n.jpg to D:\Documents\Folder_Storage\project\1
2024-10-19 16:06:27 - Added file D:\Documents\Folder_Storage\project\1\BÁO-CÁO-THỰC-HÀNH-THIẾT-KẾ-VI-MẠCH.docx to D:\Documents\Folder_Storage\project\1
2024-10-19 16:06:27 - Added file D:\Documents\Folder_Storage\project\1\DE-CUONG-GPON-Thuc-tap.docx to D:\Documents\Folder_Storage\project\1
2024-10-19 16:06:27 - Member with username phucnh is added successfully
2024-10-19 16:06:27 - Member with username andrew is added successfully
2024-10-19 16:06:43 - java.nio.file.AccessDeniedException: D:\Documents\Folder_Storage\project\1
2024-10-19 16:12:21 - Closing JPA EntityManagerFactory for persistence unit 'default'
2024-10-19 16:12:21 - HikariPool-1 - Shutdown initiated...
2024-10-19 16:12:21 - HikariPool-1 - Shutdown completed.
2024-10-19 16:12:24 - Starting ProjectManagement using Java 22.0.2 with PID 6460 (D:\Documents\IdeaProjects\Project_Management\build\classes\java\main started by honag in D:\Documents\IdeaProjects\Project_Management)
2024-10-19 16:12:24 - Running with Spring Boot v3.3.4, Spring v6.1.13
2024-10-19 16:12:24 - No active profile set, falling back to 1 default profile: "default"
2024-10-19 16:12:25 - Bootstrapping Spring Data JPA repositories in DEFAULT mode.
2024-10-19 16:12:25 - Finished Spring Data repository scanning in 62 ms. Found 12 JPA repository interfaces.
2024-10-19 16:12:25 - Tomcat initialized with port 8080 (http)
2024-10-19 16:12:25 - Initializing ProtocolHandler ["http-nio-8080"]
2024-10-19 16:12:25 - Starting service [Tomcat]
2024-10-19 16:12:25 - Starting Servlet engine: [Apache Tomcat/10.1.30]
2024-10-19 16:12:25 - Initializing Spring embedded WebApplicationContext
2024-10-19 16:12:25 - Root WebApplicationContext: initialization completed in 901 ms
2024-10-19 16:12:25 - HHH000204: Processing PersistenceUnitInfo [name: default]
2024-10-19 16:12:25 - HHH000412: Hibernate ORM core version 6.5.3.Final
2024-10-19 16:12:25 - HHH000026: Second-level cache disabled
2024-10-19 16:12:26 - No LoadTimeWeaver setup: ignoring JPA class transformer
2024-10-19 16:12:26 - HikariPool-1 - Starting...
2024-10-19 16:12:26 - HikariPool-1 - Added connection com.mysql.cj.jdbc.ConnectionImpl@1b28cff
2024-10-19 16:12:26 - HikariPool-1 - Start completed.
2024-10-19 16:12:27 - HHH000489: No JTA platform available (set 'hibernate.transaction.jta.platform' to enable JTA platform integration)
2024-10-19 16:12:27 - Initialized JPA EntityManagerFactory for persistence unit 'default'
2024-10-19 16:12:27 - spring.jpa.open-in-view is enabled by default. Therefore, database queries may be performed during view rendering. Explicitly configure spring.jpa.open-in-view to disable this warning
2024-10-19 16:12:27 - Starting ProtocolHandler ["http-nio-8080"]
2024-10-19 16:12:27 - Tomcat started on port 8080 (http) with context path '/'
2024-10-19 16:12:27 - Started ProjectManagement in 3.552 seconds (process running for 3.968)
2024-10-19 16:12:34 - Initializing Spring DispatcherServlet 'dispatcherServlet'
2024-10-19 16:12:34 - Initializing Servlet 'dispatcherServlet'
2024-10-19 16:12:34 - Completed initialization in 2 ms
2024-10-19 16:14:28 - Closing JPA EntityManagerFactory for persistence unit 'default'
2024-10-19 16:14:28 - HikariPool-1 - Shutdown initiated...
2024-10-19 16:14:28 - HikariPool-1 - Shutdown completed.
